Harddisk Signiture: 94-20-95-7D-F9-60-B1-48-B8-CD-B8-6A-B7-D5-52-EE
Harddisk Partition Number: 0x1
Harddisk Partition Start: 0x800
Harddisk Partition Size: 0x1D7DF
Boot file path = 30
[FIRMWARE] Installed protcol with guid {5B1B31A1-9562-11D2} onto handle 0x3000098 and iface 0x30000A0
Virtio Blk Last Block = 0x1FFFF
Virtio Blk Size = 0x200
Virtio Blk Bytes = 0x3FFFE00
[EFI] DevicePath iface ptr = 0x108660
[DEBUG] gDiskPath before register:
  Type=4 SubType=1 PartNum=1 Start=800 Size=1D7DF SigType=2
[FIRMWARE] Installed protcol with guid {964E5B21-6459-11D2} onto handle 0x111A40 and iface 0x1086A0
[FIRMWARE] Installed protcol with guid {9576E91-6D3F-11D2} onto handle 0x111A40 and iface 0x108660
[FIRMWARE] Installed protcol with guid {964E5B22-6459-11D2} onto handle 0x111A40 and iface 0x108630
------------------ { Firmware init --> image } ------------------
[EFI] Stall us=2710
[EFI] Stall us=2710
[EFI] Stall us=2710
[EFI] MemoryMap path=(BUFFER TOO SMALL) descriptor_size=0x28 requiered_size=0x1B8
[EFI] AlloactePool
[EFI] AlloactePool
[EFI] AlloactePool
[EFI] MemoryMap path=(SUCCESS) MemoryMapSize=0x11B8 MapKey=0x4 DescriptorSize=0x28 DescriptorVersion=0
[EFI] AllocatePages type=0x2 pages=0xFFF requested=0x200000 ret=EFI_SUCCESS
[EFI] AllocatePages type=0x2 pages=0x1B00 requested=0x1500000 ret=EFI_SUCCESS
[EFI] AllocatePages type=0x2 pages=0x17EFF requested=0x4000000 ret=EFI_SUCCESS
[STUB] SetAttribute
[STUB] SetAttribute
[STUB] SetWatchdogTimer
[EFI] LocateHandle {964E5B21-6459-11D2} ret=sucsess
[EFI] LocateHandle {964E5B21-6459-11D2} ret=sucsess
[EFI] HandleProtocol handle=111A40 ret=efi_sucsess
[EFI] HandleProtocol handle=111A40 ret=efi_sucsess
[BLOCKIO] Read Blocks lba=0x0 buffer_size=0x1000 status=0x0
[EFI] HandleProtocol handle=111A40 ret=efi_sucsess
[BLOCKIO] Read Blocks lba=0x0 buffer_size=0x8000 status=0x0
[BLOCKIO] Read Blocks lba=0x800 buffer_size=0x8000 status=0x0
[BLOCKIO] Read Blocks lba=0xFC0 buffer_size=0x8000 status=0x0
[EFI] HandleProtocol handle=111A40 ret=efi_sucsess
[EFI] HandleProtocol handle=111A40 ret=efi_sucsess
[EFI] HandleProtocol handle=111A40 ret=efi_sucsess
[EFI] HandleProtocol handle=111A40 ret=efi_sucsess
[EFI] HandleProtocol handle=111A40 ret=efi_sucsess
[EFI] GetVarible name='0x00x00x00x00xE0000x90x00x00x20x0'
[EFI] LocateProtocol {607F766C-7455-42BE} ret=efi_sucsess
[EFI] LocateProtocol {96751A3D-72F4-41A6} ret=efi_sucsess
[EFI] HandleProtocol handle=3000098 ret=efi_sucsess
[EFI] HandleProtocol handle=111A40 ret=efi_sucsess
[EFI] HandleProtocol handle=111A40 ret=efi_sucsess
[EFI] HandleProtocol handle=111A40 ret=efi_sucsess
[EFI] HandleProtocol handle=111A40 ret=efi_sucsess
[EFI] HandleProtocol handle=111A40 ret=efi_sucsess
[STUB] SetVariable
[STUB] SetVariable
[STUB] SetVariable
[STUB] SetVariable
[STUB] SetAttribute
[STUB] SetAttribute
[EFI] HandleProtocol handle=3000098 ret=efi_sucsess
[BLOCKIO] Read Blocks lba=0x840 buffer_size=0x8000 status=0x0
[BLOCKIO] Read Blocks lba=0x800 buffer_size=0x8000 status=0x0
[BLOCKIO] Read Blocks lba=0xFC0 buffer_size=0x8000 status=0x0
[BLOCKIO] Read Blocks lba=0x800 buffer_size=0x8000 status=0x0
[BLOCKIO] Read Blocks lba=0xFC0 buffer_size=0x8000 status=0x0
[BLOCKIO] Read Blocks lba=0x800 buffer_size=0x8000 status=0x0
[BLOCKIO] Read Blocks lba=0xFC0 buffer_size=0x8000 status=0x0
[BLOCKIO] Read Blocks lba=0x800 buffer_size=0x8000 status=0x0
[BLOCKIO] Read Blocks lba=0xFC0 buffer_size=0x8000 status=0x0
[EFI] LocateProtocol {BB25CF6F-F1D4-11D2} ret=efi_sucsess
[EFI] GetVarible name='0x00x00x00x00x00x00x00x00x00x0'
[EFI] GetVarible name='0x00x00x00x00x00x00x00x00x00x0'
[EFI] GetVarible name='0x4C0x6F0x610x640x650x720x430x6F0x6E0x66'
[EFI] GetVarible name='0x4C0x6F0x610x640x650x720x430x6F0x6E0x66'
[EFI] GetVarible name='0x5B000x46450x5D490x41200x6C6C0x636F0x74610x50650x67610x7365'
[EFI] LocateHandle {9042A9DE-23DC-4A38} ret=not_found
[STUB] SetAttribute
[STUB] SetAttribute
[STUB] ClearScreen
[STUB] SetAttribute
[STUB] SetAttribute
[STUB] SetAttribute
[STUB] SetAttribute
[EFI] HandleProtocol handle=1 ret=un-suported
[EFI] HandleProtocol handle=1 ret=un-suported
[EFI] CreateEvent type=0x80000000 tpl=0x8
[EFI] CreateEvent -> event=0x30076B8
[STUB] SetTimer
[EFI] WaitForEvent type=0x0 length=0x2
